<?xml version="1.0" encoding="UTF-8"?>
<!-- Generated by org.testng.reporters.JUnitReportReporter -->
<testsuite skipped="0" hostname="onyxnode126.boisestate.edu" name="MaxHeapTest_1_oneElement_extract" tests="3" failures="0" timestamp="07 Oct 2017 03:44:15 GMT" time="0.013" errors="0">
  <testcase name="testIsEmpty" time="0.007" classname="MaxHeapTest_1_oneElement_extract"/>
  <testcase name="testGetHeapSize" time="0.005" classname="MaxHeapTest_1_oneElement_extract"/>
  <testcase name="testMaxHeapInsert" time="0.001" classname="MaxHeapTest_1_oneElement_extract"/>
</testsuite> <!-- MaxHeapTest_1_oneElement_extract -->
