<?xml version="1.0" encoding="UTF-8"?>
<!-- Generated by org.testng.reporters.JUnitReportReporter -->
<testsuite skipped="0" hostname="onyxnode126.boisestate.edu" name="MaxHeapTest_4_empty_insert" tests="6" failures="0" timestamp="07 Oct 2017 03:44:15 GMT" time="0.004" errors="0">
  <testcase name="testHeapMax" time="0.000" classname="MaxHeapTest_4_empty_insert"/>
  <testcase name="testIncreaseHeapKey" time="0.000" classname="MaxHeapTest_4_empty_insert"/>
  <testcase name="testExtractHeapMax" time="0.002" classname="MaxHeapTest_4_empty_insert"/>
  <testcase name="testIsEmpty" time="0.000" classname="MaxHeapTest_4_empty_insert"/>
  <testcase name="testGetHeapSize" time="0.002" classname="MaxHeapTest_4_empty_insert"/>
  <testcase name="testMaxHeapInsert" time="0.000" classname="MaxHeapTest_4_empty_insert"/>
</testsuite> <!-- MaxHeapTest_4_empty_insert -->
