<?xml version="1.0" encoding="UTF-8"?>
<!-- Generated by org.testng.reporters.JUnitReportReporter -->
<testsuite skipped="0" hostname="onyxnode126.boisestate.edu" name="PriorityQueueTest_1_oneElement_extract" tests="3" failures="0" timestamp="07 Oct 2017 03:44:15 GMT" time="0.003" errors="0">
  <testcase name="testPQueueInsert" time="0.000" classname="PriorityQueueTest_1_oneElement_extract"/>
  <testcase name="testSize" time="0.000" classname="PriorityQueueTest_1_oneElement_extract"/>
  <testcase name="testIsEmpty" time="0.003" classname="PriorityQueueTest_1_oneElement_extract"/>
</testsuite> <!-- PriorityQueueTest_1_oneElement_extract -->
