<?xml version="1.0" encoding="UTF-8"?>
<!-- Generated by org.testng.reporters.JUnitReportReporter -->
<testsuite skipped="0" hostname="onyxnode126.boisestate.edu" name="PriorityQueueTest_9_fiveElements_increaseKey_min" tests="10" failures="0" timestamp="07 Oct 2017 03:44:15 GMT" time="0.002" errors="0">
  <testcase name="testIncreaseKey" time="0.000" classname="PriorityQueueTest_9_fiveElements_increaseKey_min"/>
  <testcase name="testIncreaseKey" time="0.000" classname="PriorityQueueTest_9_fiveElements_increaseKey_min"/>
  <testcase name="testIsEmpty" time="0.000" classname="PriorityQueueTest_9_fiveElements_increaseKey_min"/>
  <testcase name="testMaximum" time="0.000" classname="PriorityQueueTest_9_fiveElements_increaseKey_min"/>
  <testcase name="testIncreaseKey" time="0.000" classname="PriorityQueueTest_9_fiveElements_increaseKey_min"/>
  <testcase name="testInsert" time="0.000" classname="PriorityQueueTest_9_fiveElements_increaseKey_min"/>
  <testcase name="testSize" time="0.000" classname="PriorityQueueTest_9_fiveElements_increaseKey_min"/>
  <testcase name="testIncreaseKey" time="0.000" classname="PriorityQueueTest_9_fiveElements_increaseKey_min"/>
  <testcase name="testExtractMax" time="0.002" classname="PriorityQueueTest_9_fiveElements_increaseKey_min"/>
  <testcase name="testIncreaseKey" time="0.000" classname="PriorityQueueTest_9_fiveElements_increaseKey_min"/>
</testsuite> <!-- PriorityQueueTest_9_fiveElements_increaseKey_min -->
