<?xml version="1.0" encoding="UTF-8"?>
<!-- Generated by org.testng.reporters.JUnitReportReporter -->
<testsuite skipped="0" hostname="onyxnode126.boisestate.edu" name="PriorityQueueTest_3_tenElements_extract" tests="14" failures="0" timestamp="07 Oct 2017 03:44:15 GMT" time="0.016" errors="0">
  <testcase name="testIncreaseKey" time="0.000" classname="PriorityQueueTest_3_tenElements_extract"/>
  <testcase name="testIncreaseKey" time="0.001" classname="PriorityQueueTest_3_tenElements_extract"/>
  <testcase name="testIncreaseKey" time="0.000" classname="PriorityQueueTest_3_tenElements_extract"/>
  <testcase name="testExtractMax" time="0.012" classname="PriorityQueueTest_3_tenElements_extract"/>
  <testcase name="testIsEmpty" time="0.000" classname="PriorityQueueTest_3_tenElements_extract"/>
  <testcase name="testMaximum" time="0.000" classname="PriorityQueueTest_3_tenElements_extract"/>
  <testcase name="testIncreaseKey" time="0.001" classname="PriorityQueueTest_3_tenElements_extract"/>
  <testcase name="testIncreaseKey" time="0.000" classname="PriorityQueueTest_3_tenElements_extract"/>
  <testcase name="testIncreaseKey" time="0.000" classname="PriorityQueueTest_3_tenElements_extract"/>
  <testcase name="testInsert" time="0.000" classname="PriorityQueueTest_3_tenElements_extract"/>
  <testcase name="testIncreaseKey" time="0.001" classname="PriorityQueueTest_3_tenElements_extract"/>
  <testcase name="testIncreaseKey" time="0.000" classname="PriorityQueueTest_3_tenElements_extract"/>
  <testcase name="testIncreaseKey" time="0.000" classname="PriorityQueueTest_3_tenElements_extract"/>
  <testcase name="testSize" time="0.001" classname="PriorityQueueTest_3_tenElements_extract"/>
</testsuite> <!-- PriorityQueueTest_3_tenElements_extract -->
