<?xml version="1.0" encoding="UTF-8"?>
<!-- Generated by org.testng.reporters.JUnitReportReporter -->
<testsuite skipped="0" hostname="onyxnode126.boisestate.edu" name="MaxHeapTest_8_tenElements_increaseKey_max" tests="15" failures="0" timestamp="07 Oct 2017 03:44:15 GMT" time="0.029" errors="0">
  <testcase name="testIncreaseHeapKey" time="0.003" classname="MaxHeapTest_8_tenElements_increaseKey_max"/>
  <testcase name="testIncreaseHeapKey" time="0.002" classname="MaxHeapTest_8_tenElements_increaseKey_max"/>
  <testcase name="testIncreaseHeapKey" time="0.008" classname="MaxHeapTest_8_tenElements_increaseKey_max"/>
  <testcase name="testIncreaseHeapKey" time="0.000" classname="MaxHeapTest_8_tenElements_increaseKey_max"/>
  <testcase name="testIncreaseHeapKey" time="0.000" classname="MaxHeapTest_8_tenElements_increaseKey_max"/>
  <testcase name="testExtractHeapMax" time="0.000" classname="MaxHeapTest_8_tenElements_increaseKey_max"/>
  <testcase name="testGetHeapSize" time="0.000" classname="MaxHeapTest_8_tenElements_increaseKey_max"/>
  <testcase name="testIsEmpty" time="0.000" classname="MaxHeapTest_8_tenElements_increaseKey_max"/>
  <testcase name="testHeapMax" time="0.001" classname="MaxHeapTest_8_tenElements_increaseKey_max"/>
  <testcase name="testIncreaseHeapKey" time="0.001" classname="MaxHeapTest_8_tenElements_increaseKey_max"/>
  <testcase name="testIncreaseHeapKey" time="0.000" classname="MaxHeapTest_8_tenElements_increaseKey_max"/>
  <testcase name="testIncreaseHeapKey" time="0.000" classname="MaxHeapTest_8_tenElements_increaseKey_max"/>
  <testcase name="testIncreaseHeapKey" time="0.000" classname="MaxHeapTest_8_tenElements_increaseKey_max"/>
  <testcase name="testIncreaseHeapKey" time="0.001" classname="MaxHeapTest_8_tenElements_increaseKey_max"/>
  <testcase name="testMaxHeapInsert" time="0.013" classname="MaxHeapTest_8_tenElements_increaseKey_max"/>
</testsuite> <!-- MaxHeapTest_8_tenElements_increaseKey_max -->
